2023-05-10 11:40:55,481 INFO org.springframework.boot.StartupInfoLogger [main] Starting ApplicationTests using Java 1.8.0_362 on GT-00000312 with PID 148 (started by elcvari in C:\Users\ELCVARI\Documents\Claro\Desarrollos-Claro\gdt.le.claro.job\gdt.le.job)
2023-05-10 11:40:55,496 DEBUG org.springframework.boot.StartupInfoLogger [main] Running with Spring Boot v2.7.11, Spring v5.3.27
2023-05-10 11:40:55,499 INFO org.springframework.boot.SpringApplication [main] No active profile set, falling back to 1 default profile: "default"
2023-05-10 11:40:57,953 INFO org.springframework.data.repository.config.RepositoryConfigurationDelegate [main] Multiple Spring Data modules found, entering strict repository configuration mode
2023-05-10 11:40:57,962 INFO org.springframework.data.repository.config.RepositoryConfigurationDelegate [main] Bootstrapping Spring Data JDBC repositories in DEFAULT mode.
2023-05-10 11:40:58,064 INFO org.springframework.data.repository.config.RepositoryConfigurationDelegate [main] Finished Spring Data repository scanning in 86 ms. Found 0 JDBC repository interfaces.
2023-05-10 11:40:58,091 INFO org.springframework.data.repository.config.RepositoryConfigurationDelegate [main] Multiple Spring Data modules found, entering strict repository configuration mode
2023-05-10 11:40:58,096 INFO org.springframework.data.repository.config.RepositoryConfigurationDelegate [main] Bootstrapping Spring Data JPA repositories in DEFAULT mode.
2023-05-10 11:40:58,137 INFO org.springframework.data.repository.config.RepositoryConfigurationDelegate [main] Finished Spring Data repository scanning in 26 ms. Found 0 JPA repository interfaces.
2023-05-10 11:41:00,072 INFO org.hibernate.jpa.internal.util.LogHelper [main] HHH000204: Processing PersistenceUnitInfo [name: default]
2023-05-10 11:41:00,277 INFO org.hibernate.Version [main] HHH000412: Hibernate ORM core version 5.6.15.Final
2023-05-10 11:41:00,956 INFO org.hibernate.annotations.common.reflection.java.JavaReflectionManager [main] HCANN000001: Hibernate Commons Annotations {5.1.2.Final}
2023-05-10 11:41:04,495 INFO com.zaxxer.hikari.HikariDataSource [main] HikariPool-1 - Starting...
2023-05-10 11:41:05,862 INFO com.zaxxer.hikari.HikariDataSource [main] HikariPool-1 - Start completed.
2023-05-10 11:41:05,933 INFO org.hibernate.dialect.Dialect [main] HHH000400: Using dialect: org.hibernate.dialect.Oracle12cDialect
2023-05-10 11:41:13,723 INFO org.hibernate.engine.transaction.jta.platform.internal.JtaPlatformInitiator [main] HHH000490: Using JtaPlatform implementation: [org.hibernate.engine.transaction.jta.platform.internal.NoJtaPlatform]
2023-05-10 11:41:13,770 INFO org.springframework.orm.jpa.AbstractEntityManagerFactoryBean [main] Initialized JPA EntityManagerFactory for persistence unit 'default'
2023-05-10 11:41:18,210 INFO org.springframework.boot.StartupInfoLogger [main] Started ApplicationTests in 24.013 seconds (JVM running for 26.823)
2023-05-10 11:41:18,648 INFO org.springframework.orm.jpa.AbstractEntityManagerFactoryBean [SpringApplicationShutdownHook] Closing JPA EntityManagerFactory for persistence unit 'default'
2023-05-10 11:41:18,655 INFO com.zaxxer.hikari.HikariDataSource [SpringApplicationShutdownHook] HikariPool-1 - Shutdown initiated...
2023-05-10 11:41:19,345 INFO com.zaxxer.hikari.HikariDataSource [SpringApplicationShutdownHook] HikariPool-1 - Shutdown completed.
2023-05-10 11:49:53,832 INFO org.springframework.boot.StartupInfoLogger [main] Starting ApplicationTests using Java 1.8.0_362 on GT-00000312 with PID 22672 (started by elcvari in C:\Users\ELCVARI\Documents\Claro\Desarrollos-Claro\gdt.le.claro.job\gdt.le.job)
2023-05-10 11:49:53,838 DEBUG org.springframework.boot.StartupInfoLogger [main] Running with Spring Boot v2.7.11, Spring v5.3.27
2023-05-10 11:49:53,840 INFO org.springframework.boot.SpringApplication [main] No active profile set, falling back to 1 default profile: "default"
2023-05-10 11:49:56,025 INFO org.springframework.data.repository.config.RepositoryConfigurationDelegate [main] Multiple Spring Data modules found, entering strict repository configuration mode
2023-05-10 11:49:56,033 INFO org.springframework.data.repository.config.RepositoryConfigurationDelegate [main] Bootstrapping Spring Data JDBC repositories in DEFAULT mode.
2023-05-10 11:49:56,112 INFO org.springframework.data.repository.config.RepositoryConfigurationDelegate [main] Finished Spring Data repository scanning in 60 ms. Found 0 JDBC repository interfaces.
2023-05-10 11:49:56,134 INFO org.springframework.data.repository.config.RepositoryConfigurationDelegate [main] Multiple Spring Data modules found, entering strict repository configuration mode
2023-05-10 11:49:56,139 INFO org.springframework.data.repository.config.RepositoryConfigurationDelegate [main] Bootstrapping Spring Data JPA repositories in DEFAULT mode.
2023-05-10 11:49:56,182 INFO org.springframework.data.repository.config.RepositoryConfigurationDelegate [main] Finished Spring Data repository scanning in 29 ms. Found 0 JPA repository interfaces.
2023-05-10 11:49:58,411 INFO org.hibernate.jpa.internal.util.LogHelper [main] HHH000204: Processing PersistenceUnitInfo [name: default]
2023-05-10 11:49:58,587 INFO org.hibernate.Version [main] HHH000412: Hibernate ORM core version 5.6.15.Final
2023-05-10 11:49:59,014 INFO org.hibernate.annotations.common.reflection.java.JavaReflectionManager [main] HCANN000001: Hibernate Commons Annotations {5.1.2.Final}
2023-05-10 11:50:01,698 INFO com.zaxxer.hikari.HikariDataSource [main] HikariPool-1 - Starting...
2023-05-10 11:50:03,084 INFO com.zaxxer.hikari.HikariDataSource [main] HikariPool-1 - Start completed.
2023-05-10 11:50:03,130 INFO org.hibernate.dialect.Dialect [main] HHH000400: Using dialect: org.hibernate.dialect.Oracle12cDialect
2023-05-10 11:50:08,774 INFO org.hibernate.engine.transaction.jta.platform.internal.JtaPlatformInitiator [main] HHH000490: Using JtaPlatform implementation: [org.hibernate.engine.transaction.jta.platform.internal.NoJtaPlatform]
2023-05-10 11:50:08,815 INFO org.springframework.orm.jpa.AbstractEntityManagerFactoryBean [main] Initialized JPA EntityManagerFactory for persistence unit 'default'
2023-05-10 11:50:12,644 INFO org.springframework.boot.StartupInfoLogger [main] Started ApplicationTests in 19.776 seconds (JVM running for 22.395)
2023-05-10 11:50:13,113 INFO org.springframework.orm.jpa.AbstractEntityManagerFactoryBean [SpringApplicationShutdownHook] Closing JPA EntityManagerFactory for persistence unit 'default'
2023-05-10 11:50:13,120 INFO com.zaxxer.hikari.HikariDataSource [SpringApplicationShutdownHook] HikariPool-1 - Shutdown initiated...
2023-05-10 11:50:13,688 INFO com.zaxxer.hikari.HikariDataSource [SpringApplicationShutdownHook] HikariPool-1 - Shutdown completed.
